<?xml version="1.0" encoding="UTF-8"?>
<!-- Generated by org.testng.reporters.JUnitXMLReporter -->
<testsuite ignored="8" hostname="DESKTOP-DKAMDAI" failures="0" tests="3" name="Test Basics 1" time="38.585" errors="0" timestamp="2022-04-09T16:40:10 IST">
  <testcase classname="com.tests.RahulshettyAcademyTests" name="rahulShettySection1Country" time="11.865"/>
  <testcase classname="com.tests.RahulshettyAcademyTests" name="rahulShettySection1Dropdown" time="9.329"/>
  <testcase classname="com.tests.RahulshettyAcademyTests" name="rahulShettySection1Radio" time="9.769"/>
  <testcase classname="com.tests.RahulshettyAcademyTests" name="rahulShettySection3HideElement" time="0.0">
    <ignored/>
  </testcase> <!-- rahulShettySection3HideElement -->
  <testcase classname="com.tests.RahulshettyAcademyTests" name="rahulShettySection1Checkbox" time="0.0">
    <ignored/>
  </testcase> <!-- rahulShettySection1Checkbox -->
  <testcase classname="com.tests.RahulshettyAcademyTests" name="rahulShettySection2windowhandler" time="0.0">
    <ignored/>
  </testcase> <!-- rahulShettySection2windowhandler -->
  <testcase classname="com.tests.RahulshettyAcademyTests" name="rahulShettySection4" time="0.0">
    <ignored/>
  </testcase> <!-- rahulShettySection4 -->
  <testcase classname="com.tests.RahulshettyAcademyTests" name="rahulShettySection2Alert" time="0.0">
    <ignored/>
  </testcase> <!-- rahulShettySection2Alert -->
  <testcase classname="com.tests.RahulshettyAcademyTests" name="rahulShettySection3CoursesAndPrice" time="0.0">
    <ignored/>
  </testcase> <!-- rahulShettySection3CoursesAndPrice -->
  <testcase classname="com.tests.RahulshettyAcademyTests" name="frameCheck" time="0.0">
    <ignored/>
  </testcase> <!-- frameCheck -->
  <testcase classname="com.tests.RahulshettyAcademyTests" name="LoginIQVIA" time="0.0">
    <ignored/>
  </testcase> <!-- LoginIQVIA -->
</testsuite> <!-- Test Basics 1 -->
